0 info it worked if it ends with ok
1 verbose cli [ '/home/pino/.nvm/versions/v0.12.5/bin/node',
1 verbose cli   '/home/pino/.nvm/versions/v0.12.5/bin/npm',
1 verbose cli   'run',
1 verbose cli   'start' ]
2 info using npm@2.11.2
3 info using node@v0.12.5
4 verbose stack Error: missing script: start
4 verbose stack     at run (/home/pino/.nvm/versions/v0.12.5/lib/node_modules/npm/lib/run-script.js:142:19)
4 verbose stack     at /home/pino/.nvm/versions/v0.12.5/lib/node_modules/npm/lib/run-script.js:58:5
4 verbose stack     at /home/pino/.nvm/versions/v0.12.5/lib/node_modules/npm/node_modules/read-package-json/read-json.js:345:5
4 verbose stack     at checkBinReferences_ (/home/pino/.nvm/versions/v0.12.5/lib/node_modules/npm/node_modules/read-package-json/read-json.js:309:45)
4 verbose stack     at final (/home/pino/.nvm/versions/v0.12.5/lib/node_modules/npm/node_modules/read-package-json/read-json.js:343:3)
4 verbose stack     at then (/home/pino/.nvm/versions/v0.12.5/lib/node_modules/npm/node_modules/read-package-json/read-json.js:113:5)
4 verbose stack     at /home/pino/.nvm/versions/v0.12.5/lib/node_modules/npm/node_modules/read-package-json/read-json.js:284:20
4 verbose stack     at evalmachine.<anonymous>:263:20
4 verbose stack     at OpenReq.Req.done (/home/pino/.nvm/versions/v0.12.5/lib/node_modules/npm/node_modules/graceful-fs/graceful-fs.js:141:5)
4 verbose stack     at OpenReq.done (/home/pino/.nvm/versions/v0.12.5/lib/node_modules/npm/node_modules/graceful-fs/graceful-fs.js:61:22)
5 verbose cwd /home/pino/repos/gsbridge
6 error Linux 3.13.0-55-generic
7 error argv "/home/pino/.nvm/versions/v0.12.5/bin/node" "/home/pino/.nvm/versions/v0.12.5/bin/npm" "run" "start"
8 error node v0.12.5
9 error npm  v2.11.2
10 error missing script: start
11 error If you need help, you may report this error at:
11 error     <https://github.com/npm/npm/issues>
12 verbose exit [ 1, true ]
